<?xml version="1.0" encoding="UTF-8"?>
<testng-results total="1" passed="1" failed="0" skipped="0">
  <reporter-output>
  </reporter-output>
  <suite started-at="2023-10-27T08:49:05Z" name="Default suite" finished-at="2023-10-27T08:49:15Z" duration-ms="9941">
    <groups>
    </groups>
    <test started-at="2023-10-27T08:49:05Z" name="Default test" finished-at="2023-10-27T08:49:15Z" duration-ms="9941">
      <class name="shreyansh.guru">
        <test-method is-config="true" signature="bt()[pri:0, instance:shreyansh.guru@783a467b]" started-at="2023-10-27T14:19:05Z" name="bt" finished-at="2023-10-27T14:19:12Z" duration-ms="6842" status="PASS">
          <reporter-output>
          </reporter-output>
        </test-method> <!-- bt -->
        <test-method signature="rr()[pri:0, instance:shreyansh.guru@783a467b]" started-at="2023-10-27T14:19:12Z" name="rr" finished-at="2023-10-27T14:19:15Z" duration-ms="3082" status="PASS">
          <reporter-output>
          </reporter-output>
        </test-method> <!-- rr -->
      </class> <!-- shreyansh.guru -->
    </test> <!-- Default test -->
  </suite> <!-- Default suite -->
</testng-results>
